<?xml version="1.0" encoding="UTF-8"?>
<!-- Generated by org.testng.reporters.JUnitReportReporter -->
<testsuite hostname="THQ1LTKHASHAD" failures="0" tests="1" name="Tests.loginTest" time="5.218" errors="0" timestamp="16 Sep 2019 09:21:37 GMT">
  <testcase classname="Tests.loginTest" name="usercanLoginSuccessfully" time="5.218"/>
</testsuite> <!-- Tests.loginTest -->
