<?xml version="1.0" encoding="UTF-8"?>
<!-- Generated by org.testng.reporters.JUnitReportReporter -->
<testsuite hostname="THQ1LTKHASHAD" failures="0" tests="1" name="Tests.UserOpen_ApplePAGE" time="64.932" errors="0" timestamp="7 Oct 2019 08:16:59 GMT">
  <testcase classname="Tests.UserOpen_ApplePAGE" name="UserSuccessfullySelectApple" time="64.932"/>
</testsuite> <!-- Tests.UserOpen_ApplePAGE -->
