<?xml version="1.0" encoding="UTF-8"?>
<!-- Generated by org.testng.reporters.JUnitReportReporter -->
<testsuite hostname="THQ1LTKHASHAD" failures="0" tests="1" name="tests.UsercanLoginTest" time="1.967" errors="0" timestamp="4 Sep 2019 06:39:49 GMT">
  <testcase classname="tests.UsercanLoginTest" name="UserCanRegisterSuccessfully" time="1.967"/>
</testsuite> <!-- tests.UsercanLoginTest -->
