<?xml version="1.0" encoding="UTF-8"?>
<!-- Generated by org.testng.reporters.JUnitReportReporter -->
<testsuite hostname="THQ1LTKHASHAD" failures="0" tests="1" name="Maven.Selenium.ddt" time="13.049" errors="0" timestamp="22 Aug 2019 12:13:05 GMT">
  <testcase classname="Maven.Selenium.ddt" name="iphone" time="13.049"/>
</testsuite> <!-- Maven.Selenium.ddt -->
